<?xml version="1.0" encoding="UTF-8"?>
<testsuites>
  <testsuite name="CLI Arguments" tests="4" assertions="8" errors="0" failures="0" skipped="0" time="0.113519">
    <testsuite name="Tests\Unit\Infrastructure\Adapter\In\Web\Http\Controllers\UserControllerTest" file="/home/pgallar/Works/prex/tests/Unit/Infrastructure/Adapter/In/Web/Http/Controllers/UserControllerTest.php" tests="4" assertions="8" errors="0" failures="0" skipped="0" time="0.113519">
      <testcase name="testAddFavoriteValidatesRequest" file="/home/pgallar/Works/prex/tests/Unit/Infrastructure/Adapter/In/Web/Http/Controllers/UserControllerTest.php" line="16" class="Tests\Unit\Infrastructure\Adapter\In\Web\Http\Controllers\UserControllerTest" classname="Tests.Unit.Infrastructure.Adapter.In.Web.Http.Controllers.UserControllerTest" assertions="2" time="0.080488"/>
      <testcase name="testAddFavoriteReturnsDuplicateEntryError" file="/home/pgallar/Works/prex/tests/Unit/Infrastructure/Adapter/In/Web/Http/Controllers/UserControllerTest.php" line="33" class="Tests\Unit\Infrastructure\Adapter\In\Web\Http\Controllers\UserControllerTest" classname="Tests.Unit.Infrastructure.Adapter.In.Web.Http.Controllers.UserControllerTest" assertions="2" time="0.014126"/>
      <testcase name="testAddFavoriteReturnsOtherError" file="/home/pgallar/Works/prex/tests/Unit/Infrastructure/Adapter/In/Web/Http/Controllers/UserControllerTest.php" line="51" class="Tests\Unit\Infrastructure\Adapter\In\Web\Http\Controllers\UserControllerTest" classname="Tests.Unit.Infrastructure.Adapter.In.Web.Http.Controllers.UserControllerTest" assertions="2" time="0.008930"/>
      <testcase name="testAddFavoriteReturnsSuccess" file="/home/pgallar/Works/prex/tests/Unit/Infrastructure/Adapter/In/Web/Http/Controllers/UserControllerTest.php" line="70" class="Tests\Unit\Infrastructure\Adapter\In\Web\Http\Controllers\UserControllerTest" classname="Tests.Unit.Infrastructure.Adapter.In.Web.Http.Controllers.UserControllerTest" assertions="2" time="0.009975"/>
    </testsuite>
  </testsuite>
</testsuites>
