<?xml version="1.0" encoding="UTF-8"?>
<testsuites>
  <testsuite name="CLI Arguments" tests="4" assertions="8" errors="0" failures="0" skipped="0" time="0.096851">
    <testsuite name="Tests\Unit\Infrastructure\Adapter\In\Web\Http\Controllers\UserControllerTest" file="/home/pgallar/Works/prex/tests/Unit/Infrastructure/Adapter/In/Web/Http/Controllers/UserControllerTest.php" tests="4" assertions="8" errors="0" failures="0" skipped="0" time="0.096851">
      <testcase name="testAddFavoriteValidatesRequest" file="/home/pgallar/Works/prex/tests/Unit/Infrastructure/Adapter/In/Web/Http/Controllers/UserControllerTest.php" line="14" class="Tests\Unit\Infrastructure\Adapter\In\Web\Http\Controllers\UserControllerTest" classname="Tests.Unit.Infrastructure.Adapter.In.Web.Http.Controllers.UserControllerTest" assertions="2" time="0.067299"/>
      <testcase name="testAddFavoriteReturnsDuplicateEntryError" file="/home/pgallar/Works/prex/tests/Unit/Infrastructure/Adapter/In/Web/Http/Controllers/UserControllerTest.php" line="31" class="Tests\Unit\Infrastructure\Adapter\In\Web\Http\Controllers\UserControllerTest" classname="Tests.Unit.Infrastructure.Adapter.In.Web.Http.Controllers.UserControllerTest" assertions="2" time="0.009949"/>
      <testcase name="testAddFavoriteReturnsOtherError" file="/home/pgallar/Works/prex/tests/Unit/Infrastructure/Adapter/In/Web/Http/Controllers/UserControllerTest.php" line="50" class="Tests\Unit\Infrastructure\Adapter\In\Web\Http\Controllers\UserControllerTest" classname="Tests.Unit.Infrastructure.Adapter.In.Web.Http.Controllers.UserControllerTest" assertions="2" time="0.008831"/>
      <testcase name="testAddFavoriteReturnsSuccess" file="/home/pgallar/Works/prex/tests/Unit/Infrastructure/Adapter/In/Web/Http/Controllers/UserControllerTest.php" line="69" class="Tests\Unit\Infrastructure\Adapter\In\Web\Http\Controllers\UserControllerTest" classname="Tests.Unit.Infrastructure.Adapter.In.Web.Http.Controllers.UserControllerTest" assertions="2" time="0.010772"/>
    </testsuite>
  </testsuite>
</testsuites>
