<?xml version="1.0" encoding="UTF-8"?>
<testsuites>
  <testsuite name="/var/www/html/phpunit.xml" tests="22" assertions="54" errors="0" failures="0" skipped="0" time="4.876910">
    <testsuite name="Unit" tests="12" assertions="32" errors="0" failures="0" skipped="0" time="1.996266">
      <testsuite name="Tests\Unit\Infrastructure\Adapter\In\Web\Http\Controllers\AuthControllerTest" file="/var/www/html/tests/Unit/Infrastructure/Adapter/In/Web/Http/Controllers/AuthControllerTest.php" tests="3" assertions="6" errors="0" failures="0" skipped="0" time="0.079916">
        <testcase name="testSigninValidatesRequest" file="/var/www/html/tests/Unit/Infrastructure/Adapter/In/Web/Http/Controllers/AuthControllerTest.php" line="13" class="Tests\Unit\Infrastructure\Adapter\In\Web\Http\Controllers\AuthControllerTest" classname="Tests.Unit.Infrastructure.Adapter.In.Web.Http.Controllers.AuthControllerTest" assertions="2" time="0.071394"/>
        <testcase name="testSigninReturnsUnauthorized" file="/var/www/html/tests/Unit/Infrastructure/Adapter/In/Web/Http/Controllers/AuthControllerTest.php" line="29" class="Tests\Unit\Infrastructure\Adapter\In\Web\Http\Controllers\AuthControllerTest" classname="Tests.Unit.Infrastructure.Adapter.In.Web.Http.Controllers.AuthControllerTest" assertions="2" time="0.005142"/>
        <testcase name="testSigninReturnsTokenOnSuccess" file="/var/www/html/tests/Unit/Infrastructure/Adapter/In/Web/Http/Controllers/AuthControllerTest.php" line="47" class="Tests\Unit\Infrastructure\Adapter\In\Web\Http\Controllers\AuthControllerTest" classname="Tests.Unit.Infrastructure.Adapter.In.Web.Http.Controllers.AuthControllerTest" assertions="2" time="0.003380"/>
      </testsuite>
      <testsuite name="Tests\Unit\Infrastructure\Adapter\In\Web\Http\Controllers\GiphyControllerTest" file="/var/www/html/tests/Unit/Infrastructure/Adapter/In/Web/Http/Controllers/GiphyControllerTest.php" tests="2" assertions="4" errors="0" failures="0" skipped="0" time="0.013047">
        <testcase name="testSearchValidatesRequest" file="/var/www/html/tests/Unit/Infrastructure/Adapter/In/Web/Http/Controllers/GiphyControllerTest.php" line="19" class="Tests\Unit\Infrastructure\Adapter\In\Web\Http\Controllers\GiphyControllerTest" classname="Tests.Unit.Infrastructure.Adapter.In.Web.Http.Controllers.GiphyControllerTest" assertions="1" time="0.007732"/>
        <testcase name="testSearchReturnsGifs" file="/var/www/html/tests/Unit/Infrastructure/Adapter/In/Web/Http/Controllers/GiphyControllerTest.php" line="35" class="Tests\Unit\Infrastructure\Adapter\In\Web\Http\Controllers\GiphyControllerTest" classname="Tests.Unit.Infrastructure.Adapter.In.Web.Http.Controllers.GiphyControllerTest" assertions="3" time="0.005315"/>
      </testsuite>
      <testsuite name="Tests\Unit\Infrastructure\Adapter\In\Web\Http\Controllers\UserControllerTest" file="/var/www/html/tests/Unit/Infrastructure/Adapter/In/Web/Http/Controllers/UserControllerTest.php" tests="4" assertions="8" errors="0" failures="0" skipped="0" time="0.020875">
        <testcase name="testAddFavoriteValidatesRequest" file="/var/www/html/tests/Unit/Infrastructure/Adapter/In/Web/Http/Controllers/UserControllerTest.php" line="14" class="Tests\Unit\Infrastructure\Adapter\In\Web\Http\Controllers\UserControllerTest" classname="Tests.Unit.Infrastructure.Adapter.In.Web.Http.Controllers.UserControllerTest" assertions="2" time="0.005957"/>
        <testcase name="testAddFavoriteReturnsDuplicateEntryError" file="/var/www/html/tests/Unit/Infrastructure/Adapter/In/Web/Http/Controllers/UserControllerTest.php" line="31" class="Tests\Unit\Infrastructure\Adapter\In\Web\Http\Controllers\UserControllerTest" classname="Tests.Unit.Infrastructure.Adapter.In.Web.Http.Controllers.UserControllerTest" assertions="2" time="0.007126"/>
        <testcase name="testAddFavoriteReturnsOtherError" file="/var/www/html/tests/Unit/Infrastructure/Adapter/In/Web/Http/Controllers/UserControllerTest.php" line="49" class="Tests\Unit\Infrastructure\Adapter\In\Web\Http\Controllers\UserControllerTest" classname="Tests.Unit.Infrastructure.Adapter.In.Web.Http.Controllers.UserControllerTest" assertions="2" time="0.003971"/>
        <testcase name="testAddFavoriteReturnsSuccess" file="/var/www/html/tests/Unit/Infrastructure/Adapter/In/Web/Http/Controllers/UserControllerTest.php" line="68" class="Tests\Unit\Infrastructure\Adapter\In\Web\Http\Controllers\UserControllerTest" classname="Tests.Unit.Infrastructure.Adapter.In.Web.Http.Controllers.UserControllerTest" assertions="2" time="0.003821"/>
      </testsuite>
      <testsuite name="Tests\Unit\Infrastructure\Adapter\Out\Clients\GiphyClientTest" file="/var/www/html/tests/Unit/Infrastructure/Adapter/Out/Clients/GiphyClientTest.php" tests="3" assertions="14" errors="0" failures="0" skipped="0" time="1.882428">
        <testcase name="testSearchReturnsGifs" file="/var/www/html/tests/Unit/Infrastructure/Adapter/Out/Clients/GiphyClientTest.php" line="13" class="Tests\Unit\Infrastructure\Adapter\Out\Clients\GiphyClientTest" classname="Tests.Unit.Infrastructure.Adapter.Out.Clients.GiphyClientTest" assertions="5" time="0.730288"/>
        <testcase name="testSearchReturnsEmptyGifsWhenNoResults" file="/var/www/html/tests/Unit/Infrastructure/Adapter/Out/Clients/GiphyClientTest.php" line="25" class="Tests\Unit\Infrastructure\Adapter\Out\Clients\GiphyClientTest" classname="Tests.Unit.Infrastructure.Adapter.Out.Clients.GiphyClientTest" assertions="5" time="0.577283"/>
        <testcase name="testFindByIDReturnsGif" file="/var/www/html/tests/Unit/Infrastructure/Adapter/Out/Clients/GiphyClientTest.php" line="37" class="Tests\Unit\Infrastructure\Adapter\Out\Clients\GiphyClientTest" classname="Tests.Unit.Infrastructure.Adapter.Out.Clients.GiphyClientTest" assertions="4" time="0.574857"/>
      </testsuite>
    </testsuite>
    <testsuite name="Feature" tests="10" assertions="22" errors="0" failures="0" skipped="0" time="2.880644">
      <testsuite name="Tests\Feature\Infrastructure\Adapter\In\Web\Http\Controllers\AuthControllerTest" file="/var/www/html/tests/Feature/Infrastructure/Adapter/In/Web/Http/Controllers/AuthControllerTest.php" tests="3" assertions="6" errors="0" failures="0" skipped="0" time="0.047317">
        <testcase name="testSigninReturnsBadRequestForInvalidData" file="/var/www/html/tests/Feature/Infrastructure/Adapter/In/Web/Http/Controllers/AuthControllerTest.php" line="16" class="Tests\Feature\Infrastructure\Adapter\In\Web\Http\Controllers\AuthControllerTest" classname="Tests.Feature.Infrastructure.Adapter.In.Web.Http.Controllers.AuthControllerTest" assertions="2" time="0.023086"/>
        <testcase name="testSigninReturnsUnauthorizedForInvalidCredentials" file="/var/www/html/tests/Feature/Infrastructure/Adapter/In/Web/Http/Controllers/AuthControllerTest.php" line="30" class="Tests\Feature\Infrastructure\Adapter\In\Web\Http\Controllers\AuthControllerTest" classname="Tests.Feature.Infrastructure.Adapter.In.Web.Http.Controllers.AuthControllerTest" assertions="2" time="0.015115"/>
        <testcase name="testSigninReturnsTokenForValidCredentials" file="/var/www/html/tests/Feature/Infrastructure/Adapter/In/Web/Http/Controllers/AuthControllerTest.php" line="50" class="Tests\Feature\Infrastructure\Adapter\In\Web\Http\Controllers\AuthControllerTest" classname="Tests.Feature.Infrastructure.Adapter.In.Web.Http.Controllers.AuthControllerTest" assertions="2" time="0.009116"/>
      </testsuite>
      <testsuite name="Tests\Feature\Infrastructure\Adapter\In\Web\Http\Controllers\GiphyControllerTest" file="/var/www/html/tests/Feature/Infrastructure/Adapter/In/Web/Http/Controllers/GiphyControllerTest.php" tests="4" assertions="10" errors="0" failures="0" skipped="0" time="1.629172">
        <testcase name="testSearchReturnsGifsSuccessfully" file="/var/www/html/tests/Feature/Infrastructure/Adapter/In/Web/Http/Controllers/GiphyControllerTest.php" line="17" class="Tests\Feature\Infrastructure\Adapter\In\Web\Http\Controllers\GiphyControllerTest" classname="Tests.Feature.Infrastructure.Adapter.In.Web.Http.Controllers.GiphyControllerTest" assertions="2" time="0.448163"/>
        <testcase name="testSearchReturnsBadRequestForInvalidData" file="/var/www/html/tests/Feature/Infrastructure/Adapter/In/Web/Http/Controllers/GiphyControllerTest.php" line="51" class="Tests\Feature\Infrastructure\Adapter\In\Web\Http\Controllers\GiphyControllerTest" classname="Tests.Feature.Infrastructure.Adapter.In.Web.Http.Controllers.GiphyControllerTest" assertions="2" time="0.394197"/>
        <testcase name="testFindByIDReturnsGifSuccessfully" file="/var/www/html/tests/Feature/Infrastructure/Adapter/In/Web/Http/Controllers/GiphyControllerTest.php" line="65" class="Tests\Feature\Infrastructure\Adapter\In\Web\Http\Controllers\GiphyControllerTest" classname="Tests.Feature.Infrastructure.Adapter.In.Web.Http.Controllers.GiphyControllerTest" assertions="5" time="0.391520"/>
        <testcase name="testFindByIDReturnsNotFoundForInvalidID" file="/var/www/html/tests/Feature/Infrastructure/Adapter/In/Web/Http/Controllers/GiphyControllerTest.php" line="91" class="Tests\Feature\Infrastructure\Adapter\In\Web\Http\Controllers\GiphyControllerTest" classname="Tests.Feature.Infrastructure.Adapter.In.Web.Http.Controllers.GiphyControllerTest" assertions="1" time="0.395293"/>
      </testsuite>
      <testsuite name="Tests\Feature\Infrastructure\Adapter\In\Web\Http\Controllers\UserControllerTest" file="/var/www/html/tests/Feature/Infrastructure/Adapter/In/Web/Http/Controllers/UserControllerTest.php" tests="3" assertions="6" errors="0" failures="0" skipped="0" time="1.204155">
        <testcase name="testAddFavoriteSuccessfully" file="/var/www/html/tests/Feature/Infrastructure/Adapter/In/Web/Http/Controllers/UserControllerTest.php" line="19" class="Tests\Feature\Infrastructure\Adapter\In\Web\Http\Controllers\UserControllerTest" classname="Tests.Feature.Infrastructure.Adapter.In.Web.Http.Controllers.UserControllerTest" assertions="2" time="0.387078"/>
        <testcase name="testAddFavoriteReturnsConflictForDuplicateEntry" file="/var/www/html/tests/Feature/Infrastructure/Adapter/In/Web/Http/Controllers/UserControllerTest.php" line="55" class="Tests\Feature\Infrastructure\Adapter\In\Web\Http\Controllers\UserControllerTest" classname="Tests.Feature.Infrastructure.Adapter.In.Web.Http.Controllers.UserControllerTest" assertions="2" time="0.424314"/>
        <testcase name="testAddFavoriteReturnsBadRequestForInvalidData" file="/var/www/html/tests/Feature/Infrastructure/Adapter/In/Web/Http/Controllers/UserControllerTest.php" line="80" class="Tests\Feature\Infrastructure\Adapter\In\Web\Http\Controllers\UserControllerTest" classname="Tests.Feature.Infrastructure.Adapter.In.Web.Http.Controllers.UserControllerTest" assertions="2" time="0.392763"/>
      </testsuite>
    </testsuite>
  </testsuite>
</testsuites>
