<?xml version="1.0" encoding="UTF-8"?>
<testsuites>
  <testsuite name="CLI Arguments" tests="3" assertions="14" errors="0" failures="0" skipped="0" time="2.431210">
    <testsuite name="Tests\Unit\Infrastructure\Adapter\Out\Clients\GiphyClientTest" file="/home/pgallar/Works/prex/tests/Unit/Infrastructure/Adapter/Out/Clients/GiphyClientTest.php" tests="3" assertions="14" errors="0" failures="0" skipped="0" time="2.431210">
      <testcase name="testSearchReturnsGifs" file="/home/pgallar/Works/prex/tests/Unit/Infrastructure/Adapter/Out/Clients/GiphyClientTest.php" line="14" class="Tests\Unit\Infrastructure\Adapter\Out\Clients\GiphyClientTest" classname="Tests.Unit.Infrastructure.Adapter.Out.Clients.GiphyClientTest" assertions="5" time="1.070970"/>
      <testcase name="testSearchReturnsEmptyGifsWhenNoResults" file="/home/pgallar/Works/prex/tests/Unit/Infrastructure/Adapter/Out/Clients/GiphyClientTest.php" line="26" class="Tests\Unit\Infrastructure\Adapter\Out\Clients\GiphyClientTest" classname="Tests.Unit.Infrastructure.Adapter.Out.Clients.GiphyClientTest" assertions="5" time="0.675627"/>
      <testcase name="testFindByIDReturnsGif" file="/home/pgallar/Works/prex/tests/Unit/Infrastructure/Adapter/Out/Clients/GiphyClientTest.php" line="38" class="Tests\Unit\Infrastructure\Adapter\Out\Clients\GiphyClientTest" classname="Tests.Unit.Infrastructure.Adapter.Out.Clients.GiphyClientTest" assertions="4" time="0.684613"/>
    </testsuite>
  </testsuite>
</testsuites>
